Determining if the pthread_create exist failed with the following output:
Change Dir: /home/pi/UCSD-RoboFishy/Working/CameraCalibration/CMakeFiles/CMakeTmp

Run Build Command:"/usr/bin/make" "cmTC_3dc5a/fast"
/usr/bin/make -f CMakeFiles/cmTC_3dc5a.dir/build.make CMakeFiles/cmTC_3dc5a.dir/build
make[1]: Entering directory '/home/pi/UCSD-RoboFishy/Working/CameraCalibration/CMakeFiles/CMakeTmp'
Building C object CMakeFiles/cmTC_3dc5a.dir/CheckSymbolExists.c.o
/usr/bin/cc     -o CMakeFiles/cmTC_3dc5a.dir/CheckSymbolExists.c.o   -c /home/pi/UCSD-RoboFishy/Working/CameraCalibration/CMakeFiles/CMakeTmp/CheckSymbolExists.c
Linking C executable cmTC_3dc5a
/usr/bin/cmake -E cmake_link_script CMakeFiles/cmTC_3dc5a.dir/link.txt --verbose=1
/usr/bin/cc       CMakeFiles/cmTC_3dc5a.dir/CheckSymbolExists.c.o  -o cmTC_3dc5a -rdynamic 
CMakeFiles/cmTC_3dc5a.dir/CheckSymbolExists.c.o: In function `main':
CheckSymbolExists.c:(.text+0x38): undefined reference to `pthread_create'
collect2: error: ld returned 1 exit status
CMakeFiles/cmTC_3dc5a.dir/build.make:97: recipe for target 'cmTC_3dc5a' failed
make[1]: *** [cmTC_3dc5a] Error 1
make[1]: Leaving directory '/home/pi/UCSD-RoboFishy/Working/CameraCalibration/CMakeFiles/CMakeTmp'
Makefile:126: recipe for target 'cmTC_3dc5a/fast' failed
make: *** [cmTC_3dc5a/fast] Error 2

File /home/pi/UCSD-RoboFishy/Working/CameraCalibration/CMakeFiles/CMakeTmp/CheckSymbolExists.c:
/* */
#include <pthread.h>

int main(int argc, char** argv)
{
  (void)argv;
#ifndef pthread_create
  return ((int*)(&pthread_create))[argc];
#else
  (void)argc;
  return 0;
#endif
}

Determining if the function pthread_create exists in the pthreads failed with the following output:
Change Dir: /home/pi/UCSD-RoboFishy/Working/CameraCalibration/CMakeFiles/CMakeTmp

Run Build Command:"/usr/bin/make" "cmTC_f8858/fast"
/usr/bin/make -f CMakeFiles/cmTC_f8858.dir/build.make CMakeFiles/cmTC_f8858.dir/build
make[1]: Entering directory '/home/pi/UCSD-RoboFishy/Working/CameraCalibration/CMakeFiles/CMakeTmp'
Building C object CMakeFiles/cmTC_f8858.dir/CheckFunctionExists.c.o
/usr/bin/cc    -DCHECK_FUNCTION_EXISTS=pthread_create   -o CMakeFiles/cmTC_f8858.dir/CheckFunctionExists.c.o   -c /usr/share/cmake-3.6/Modules/CheckFunctionExists.c
Linking C executable cmTC_f8858
/usr/bin/cmake -E cmake_link_script CMakeFiles/cmTC_f8858.dir/link.txt --verbose=1
/usr/bin/cc   -DCHECK_FUNCTION_EXISTS=pthread_create    CMakeFiles/cmTC_f8858.dir/CheckFunctionExists.c.o  -o cmTC_f8858 -rdynamic -lpthreads 
/usr/bin/ld: cannot find -lpthreads
collect2: error: ld returned 1 exit status
CMakeFiles/cmTC_f8858.dir/build.make:97: recipe for target 'cmTC_f8858' failed
make[1]: *** [cmTC_f8858] Error 1
make[1]: Leaving directory '/home/pi/UCSD-RoboFishy/Working/CameraCalibration/CMakeFiles/CMakeTmp'
Makefile:126: recipe for target 'cmTC_f8858/fast' failed
make: *** [cmTC_f8858/fast] Error 2


