Determining if the pthread_create exist failed with the following output:
Change Dir: /home/pi/UCSD-RoboFishy/Working/PoCRangefinder/CMakeFiles/CMakeTmp

Run Build Command:"/usr/bin/make" "cmTC_ff7d4/fast"
/usr/bin/make -f CMakeFiles/cmTC_ff7d4.dir/build.make CMakeFiles/cmTC_ff7d4.dir/build
make[1]: Entering directory '/home/pi/UCSD-RoboFishy/Working/PoCRangefinder/CMakeFiles/CMakeTmp'
Building C object CMakeFiles/cmTC_ff7d4.dir/CheckSymbolExists.c.o
/usr/bin/cc     -o CMakeFiles/cmTC_ff7d4.dir/CheckSymbolExists.c.o   -c /home/pi/UCSD-RoboFishy/Working/PoCRangefinder/CMakeFiles/CMakeTmp/CheckSymbolExists.c
Linking C executable cmTC_ff7d4
/usr/bin/cmake -E cmake_link_script CMakeFiles/cmTC_ff7d4.dir/link.txt --verbose=1
/usr/bin/cc       CMakeFiles/cmTC_ff7d4.dir/CheckSymbolExists.c.o  -o cmTC_ff7d4 -rdynamic 
CMakeFiles/cmTC_ff7d4.dir/CheckSymbolExists.c.o: In function `main':
CheckSymbolExists.c:(.text+0x38): undefined reference to `pthread_create'
collect2: error: ld returned 1 exit status
CMakeFiles/cmTC_ff7d4.dir/build.make:97: recipe for target 'cmTC_ff7d4' failed
make[1]: *** [cmTC_ff7d4] Error 1
make[1]: Leaving directory '/home/pi/UCSD-RoboFishy/Working/PoCRangefinder/CMakeFiles/CMakeTmp'
Makefile:126: recipe for target 'cmTC_ff7d4/fast' failed
make: *** [cmTC_ff7d4/fast] Error 2

File /home/pi/UCSD-RoboFishy/Working/PoCRangefinder/CMakeFiles/CMakeTmp/CheckSymbolExists.c:
/* */
#include <pthread.h>

int main(int argc, char** argv)
{
  (void)argv;
#ifndef pthread_create
  return ((int*)(&pthread_create))[argc];
#else
  (void)argc;
  return 0;
#endif
}

Determining if the function pthread_create exists in the pthreads failed with the following output:
Change Dir: /home/pi/UCSD-RoboFishy/Working/PoCRangefinder/CMakeFiles/CMakeTmp

Run Build Command:"/usr/bin/make" "cmTC_3d389/fast"
/usr/bin/make -f CMakeFiles/cmTC_3d389.dir/build.make CMakeFiles/cmTC_3d389.dir/build
make[1]: Entering directory '/home/pi/UCSD-RoboFishy/Working/PoCRangefinder/CMakeFiles/CMakeTmp'
Building C object CMakeFiles/cmTC_3d389.dir/CheckFunctionExists.c.o
/usr/bin/cc    -DCHECK_FUNCTION_EXISTS=pthread_create   -o CMakeFiles/cmTC_3d389.dir/CheckFunctionExists.c.o   -c /usr/share/cmake-3.6/Modules/CheckFunctionExists.c
Linking C executable cmTC_3d389
/usr/bin/cmake -E cmake_link_script CMakeFiles/cmTC_3d389.dir/link.txt --verbose=1
/usr/bin/cc   -DCHECK_FUNCTION_EXISTS=pthread_create    CMakeFiles/cmTC_3d389.dir/CheckFunctionExists.c.o  -o cmTC_3d389 -rdynamic -lpthreads 
/usr/bin/ld: cannot find -lpthreads
collect2: error: ld returned 1 exit status
CMakeFiles/cmTC_3d389.dir/build.make:97: recipe for target 'cmTC_3d389' failed
make[1]: *** [cmTC_3d389] Error 1
make[1]: Leaving directory '/home/pi/UCSD-RoboFishy/Working/PoCRangefinder/CMakeFiles/CMakeTmp'
Makefile:126: recipe for target 'cmTC_3d389/fast' failed
make: *** [cmTC_3d389/fast] Error 2


